TOP.67bc1754.000abc8b	START
TOP.67bc1754.000abc8b	folder_config->cwd	/home/kali/Documents/htb/keeper
TOP.67bc1754.000abc8b	folder_config->install_dir	/usr/bin
TOP.67bc1754.000abc8b	folder_config->profile_dir	/home/kali/.local/share/hashcat
TOP.67bc1754.000abc8b	folder_config->session_dir	/home/kali/.local/share/hashcat/sessions
TOP.67bc1754.000abc8b	folder_config->shared_dir	/usr/share/hashcat
TOP.67bc1754.000abc8b	user_options->encoding_from	utf-8
TOP.67bc1754.000abc8b	user_options->encoding_to	utf-8
TOP.67bc1754.000abc8b	user_options->rule_buf_l	:
TOP.67bc1754.000abc8b	user_options->rule_buf_r	:
TOP.67bc1754.000abc8b	user_options->session	hashcat
TOP.67bc1754.000abc8b	user_options->separator	:
TOP.67bc1754.000abc8b	user_options->limit	0
TOP.67bc1754.000abc8b	user_options->skip	0
TOP.67bc1754.000abc8b	user_options->attack_mode	0
TOP.67bc1754.000abc8b	user_options->benchmark	0
TOP.67bc1754.000abc8b	user_options->benchmark_all	0
TOP.67bc1754.000abc8b	user_options->bitmap_max	18
TOP.67bc1754.000abc8b	user_options->bitmap_min	16
TOP.67bc1754.000abc8b	user_options->debug_mode	0
TOP.67bc1754.000abc8b	user_options->hash_info	0
TOP.67bc1754.000abc8b	user_options->force	0
TOP.67bc1754.000abc8b	user_options->hwmon_disable	0
TOP.67bc1754.000abc8b	user_options->hwmon_temp_abort	90
TOP.67bc1754.000abc8b	user_options->hash_mode	13400
TOP.67bc1754.000abc8b	user_options->hex_charset	0
TOP.67bc1754.000abc8b	user_options->hex_salt	0
TOP.67bc1754.000abc8b	user_options->hex_wordlist	0
TOP.67bc1754.000abc8b	user_options->hook_threads	2
TOP.67bc1754.000abc8b	user_options->identify	0
TOP.67bc1754.000abc8b	user_options->increment	0
TOP.67bc1754.000abc8b	user_options->increment_max	256
TOP.67bc1754.000abc8b	user_options->increment_min	1
TOP.67bc1754.000abc8b	user_options->keep_guessing	0
TOP.67bc1754.000abc8b	user_options->kernel_accel	0
TOP.67bc1754.000abc8b	user_options->kernel_loops	0
TOP.67bc1754.000abc8b	user_options->kernel_threads	0
TOP.67bc1754.000abc8b	user_options->keyspace	0
TOP.67bc1754.000abc8b	user_options->left	0
TOP.67bc1754.000abc8b	user_options->logfile_disable	0
TOP.67bc1754.000abc8b	user_options->loopback	0
TOP.67bc1754.000abc8b	user_options->machine_readable	0
TOP.67bc1754.000abc8b	user_options->markov_classic	0
TOP.67bc1754.000abc8b	user_options->markov_disable	0
TOP.67bc1754.000abc8b	user_options->markov_inverse	0
TOP.67bc1754.000abc8b	user_options->markov_threshold	256
TOP.67bc1754.000abc8b	user_options->multiply_accel_disable	0
TOP.67bc1754.000abc8b	user_options->backend_info	0
TOP.67bc1754.000abc8b	user_options->backend_vector_width	0
TOP.67bc1754.000abc8b	user_options->optimized_kernel_enable	0
TOP.67bc1754.000abc8b	user_options->outfile_autohex	1
TOP.67bc1754.000abc8b	user_options->outfile_check_timer	5
TOP.67bc1754.000abc8b	user_options->outfile_format	3
TOP.67bc1754.000abc8b	user_options->wordlist_autohex_disable	0
TOP.67bc1754.000abc8b	user_options->potfile_disable	0
TOP.67bc1754.000abc8b	user_options->progress_only	0
TOP.67bc1754.000abc8b	user_options->quiet	0
TOP.67bc1754.000abc8b	user_options->remove	0
TOP.67bc1754.000abc8b	user_options->remove_timer	60
TOP.67bc1754.000abc8b	user_options->restore	0
TOP.67bc1754.000abc8b	user_options->restore_disable	0
TOP.67bc1754.000abc8b	user_options->restore_timer	1
TOP.67bc1754.000abc8b	user_options->rp_files_cnt	0
TOP.67bc1754.000abc8b	user_options->rp_gen	0
TOP.67bc1754.000abc8b	user_options->rp_gen_func_max	4
TOP.67bc1754.000abc8b	user_options->rp_gen_func_min	1
TOP.67bc1754.000abc8b	user_options->rp_gen_seed	0
TOP.67bc1754.000abc8b	user_options->runtime	0
TOP.67bc1754.000abc8b	user_options->scrypt_tmto	0
TOP.67bc1754.000abc8b	user_options->segment_size	33554432
TOP.67bc1754.000abc8b	user_options->self_test_disable	0
TOP.67bc1754.000abc8b	user_options->slow_candidates	0
TOP.67bc1754.000abc8b	user_options->show	0
TOP.67bc1754.000abc8b	user_options->speed_only	0
TOP.67bc1754.000abc8b	user_options->spin_damp	0
TOP.67bc1754.000abc8b	user_options->status	0
TOP.67bc1754.000abc8b	user_options->status_json	0
TOP.67bc1754.000abc8b	user_options->status_timer	10
TOP.67bc1754.000abc8b	user_options->stdout_flag	0
TOP.67bc1754.000abc8b	user_options->usage	0
TOP.67bc1754.000abc8b	user_options->username	0
TOP.67bc1754.000abc8b	user_options->veracrypt_pim_start	485
TOP.67bc1754.000abc8b	user_options->veracrypt_pim_stop	485
TOP.67bc1754.000abc8b	user_options->version	0
TOP.67bc1754.000abc8b	user_options->workload_profile	2
TOP.67bc1754.000abc8b	user_options->brain_client	0
TOP.67bc1754.000abc8b	user_options->brain_client_features	2
TOP.67bc1754.000abc8b	user_options->brain_server	0
TOP.67bc1754.000abc8b	user_options->brain_server_timer	300
TOP.67bc1754.000abc8b	user_options->brain_port	6863
TOP.67bc1754.000abc8b	user_options->brain_session	0
TOP.67bc1754.000abc8b	proc_start	1740379988
TOP.67bc1754.000abc8b	proc_stop	1740379988
TOP.67bc1754.000abc8b	STOP
TOP.67bffc14.0003bed1	START
TOP.67bffc14.0003bed1	folder_config->cwd	/home/blue
TOP.67bffc14.0003bed1	folder_config->install_dir	/usr/bin
TOP.67bffc14.0003bed1	folder_config->profile_dir	/home/blue/.local/share/hashcat
TOP.67bffc14.0003bed1	folder_config->session_dir	/home/blue/.local/share/hashcat/sessions
TOP.67bffc14.0003bed1	folder_config->shared_dir	/usr/share/hashcat
TOP.67bffc14.0003bed1	user_options->encoding_from	utf-8
TOP.67bffc14.0003bed1	user_options->encoding_to	utf-8
TOP.67bffc14.0003bed1	user_options->rule_buf_l	:
TOP.67bffc14.0003bed1	user_options->rule_buf_r	:
TOP.67bffc14.0003bed1	user_options->session	hashcat
TOP.67bffc14.0003bed1	user_options->separator	:
TOP.67bffc14.0003bed1	user_options->limit	0
TOP.67bffc14.0003bed1	user_options->skip	0
TOP.67bffc14.0003bed1	user_options->attack_mode	0
TOP.67bffc14.0003bed1	user_options->benchmark	0
TOP.67bffc14.0003bed1	user_options->benchmark_all	0
TOP.67bffc14.0003bed1	user_options->bitmap_max	18
TOP.67bffc14.0003bed1	user_options->bitmap_min	16
TOP.67bffc14.0003bed1	user_options->debug_mode	0
TOP.67bffc14.0003bed1	user_options->hash_info	0
TOP.67bffc14.0003bed1	user_options->force	0
TOP.67bffc14.0003bed1	user_options->hwmon_disable	0
TOP.67bffc14.0003bed1	user_options->hwmon_temp_abort	90
TOP.67bffc14.0003bed1	user_options->hash_mode	0
TOP.67bffc14.0003bed1	user_options->hex_charset	0
TOP.67bffc14.0003bed1	user_options->hex_salt	0
TOP.67bffc14.0003bed1	user_options->hex_wordlist	0
TOP.67bffc14.0003bed1	user_options->hook_threads	2
TOP.67bffc14.0003bed1	user_options->identify	0
TOP.67bffc14.0003bed1	user_options->increment	0
TOP.67bffc14.0003bed1	user_options->increment_max	256
TOP.67bffc14.0003bed1	user_options->increment_min	1
TOP.67bffc14.0003bed1	user_options->keep_guessing	0
TOP.67bffc14.0003bed1	user_options->kernel_accel	0
TOP.67bffc14.0003bed1	user_options->kernel_loops	0
TOP.67bffc14.0003bed1	user_options->kernel_threads	0
TOP.67bffc14.0003bed1	user_options->keyspace	0
TOP.67bffc14.0003bed1	user_options->left	0
TOP.67bffc14.0003bed1	user_options->logfile_disable	0
TOP.67bffc14.0003bed1	user_options->loopback	0
TOP.67bffc14.0003bed1	user_options->machine_readable	0
TOP.67bffc14.0003bed1	user_options->markov_classic	0
TOP.67bffc14.0003bed1	user_options->markov_disable	0
TOP.67bffc14.0003bed1	user_options->markov_inverse	0
TOP.67bffc14.0003bed1	user_options->markov_threshold	256
TOP.67bffc14.0003bed1	user_options->multiply_accel_disable	0
TOP.67bffc14.0003bed1	user_options->backend_info	0
TOP.67bffc14.0003bed1	user_options->backend_vector_width	0
TOP.67bffc14.0003bed1	user_options->optimized_kernel_enable	0
TOP.67bffc14.0003bed1	user_options->outfile_autohex	1
TOP.67bffc14.0003bed1	user_options->outfile_check_timer	5
TOP.67bffc14.0003bed1	user_options->outfile_format	3
TOP.67bffc14.0003bed1	user_options->wordlist_autohex_disable	0
TOP.67bffc14.0003bed1	user_options->potfile_disable	0
TOP.67bffc14.0003bed1	user_options->progress_only	0
TOP.67bffc14.0003bed1	user_options->quiet	0
TOP.67bffc14.0003bed1	user_options->remove	0
TOP.67bffc14.0003bed1	user_options->remove_timer	60
TOP.67bffc14.0003bed1	user_options->restore	0
TOP.67bffc14.0003bed1	user_options->restore_disable	0
TOP.67bffc14.0003bed1	user_options->restore_timer	1
TOP.67bffc14.0003bed1	user_options->rp_files_cnt	0
TOP.67bffc14.0003bed1	user_options->rp_gen	0
TOP.67bffc14.0003bed1	user_options->rp_gen_func_max	4
TOP.67bffc14.0003bed1	user_options->rp_gen_func_min	1
TOP.67bffc14.0003bed1	user_options->rp_gen_seed	0
TOP.67bffc14.0003bed1	user_options->runtime	0
TOP.67bffc14.0003bed1	user_options->scrypt_tmto	0
TOP.67bffc14.0003bed1	user_options->segment_size	33554432
TOP.67bffc14.0003bed1	user_options->self_test_disable	0
TOP.67bffc14.0003bed1	user_options->slow_candidates	0
TOP.67bffc14.0003bed1	user_options->show	0
TOP.67bffc14.0003bed1	user_options->speed_only	0
TOP.67bffc14.0003bed1	user_options->spin_damp	0
TOP.67bffc14.0003bed1	user_options->status	0
TOP.67bffc14.0003bed1	user_options->status_json	0
TOP.67bffc14.0003bed1	user_options->status_timer	10
TOP.67bffc14.0003bed1	user_options->stdout_flag	0
TOP.67bffc14.0003bed1	user_options->usage	0
TOP.67bffc14.0003bed1	user_options->username	0
TOP.67bffc14.0003bed1	user_options->veracrypt_pim_start	485
TOP.67bffc14.0003bed1	user_options->veracrypt_pim_stop	485
TOP.67bffc14.0003bed1	user_options->version	0
TOP.67bffc14.0003bed1	user_options->workload_profile	2
TOP.67bffc14.0003bed1	user_options->brain_client	0
TOP.67bffc14.0003bed1	user_options->brain_client_features	2
TOP.67bffc14.0003bed1	user_options->brain_server	0
TOP.67bffc14.0003bed1	user_options->brain_server_timer	300
TOP.67bffc14.0003bed1	user_options->brain_port	6863
TOP.67bffc14.0003bed1	user_options->brain_session	0
TOP.67bffc14.0003bed1	proc_start	1740635156
TOP.67bffc14.0003bed1	proc_stop	1740635156
TOP.67bffc14.0003bed1	STOP
TOP.67bffc1a.00052079	START
TOP.67bffc1a.00052079	folder_config->cwd	/home/blue
TOP.67bffc1a.00052079	folder_config->install_dir	/usr/bin
TOP.67bffc1a.00052079	folder_config->profile_dir	/home/blue/.local/share/hashcat
TOP.67bffc1a.00052079	folder_config->session_dir	/home/blue/.local/share/hashcat/sessions
TOP.67bffc1a.00052079	folder_config->shared_dir	/usr/share/hashcat
TOP.67bffc1a.00052079	user_options->encoding_from	utf-8
TOP.67bffc1a.00052079	user_options->encoding_to	utf-8
TOP.67bffc1a.00052079	user_options->rule_buf_l	:
TOP.67bffc1a.00052079	user_options->rule_buf_r	:
TOP.67bffc1a.00052079	user_options->session	hashcat
TOP.67bffc1a.00052079	user_options->separator	:
TOP.67bffc1a.00052079	user_options->limit	0
TOP.67bffc1a.00052079	user_options->skip	0
TOP.67bffc1a.00052079	user_options->attack_mode	0
TOP.67bffc1a.00052079	user_options->benchmark	0
TOP.67bffc1a.00052079	user_options->benchmark_all	0
TOP.67bffc1a.00052079	user_options->bitmap_max	18
TOP.67bffc1a.00052079	user_options->bitmap_min	16
TOP.67bffc1a.00052079	user_options->debug_mode	0
TOP.67bffc1a.00052079	user_options->hash_info	0
TOP.67bffc1a.00052079	user_options->force	0
TOP.67bffc1a.00052079	user_options->hwmon_disable	0
TOP.67bffc1a.00052079	user_options->hwmon_temp_abort	90
TOP.67bffc1a.00052079	user_options->hash_mode	0
TOP.67bffc1a.00052079	user_options->hex_charset	0
TOP.67bffc1a.00052079	user_options->hex_salt	0
TOP.67bffc1a.00052079	user_options->hex_wordlist	0
TOP.67bffc1a.00052079	user_options->hook_threads	2
TOP.67bffc1a.00052079	user_options->identify	0
TOP.67bffc1a.00052079	user_options->increment	0
TOP.67bffc1a.00052079	user_options->increment_max	256
TOP.67bffc1a.00052079	user_options->increment_min	1
TOP.67bffc1a.00052079	user_options->keep_guessing	0
TOP.67bffc1a.00052079	user_options->kernel_accel	0
TOP.67bffc1a.00052079	user_options->kernel_loops	0
TOP.67bffc1a.00052079	user_options->kernel_threads	0
TOP.67bffc1a.00052079	user_options->keyspace	0
TOP.67bffc1a.00052079	user_options->left	0
TOP.67bffc1a.00052079	user_options->logfile_disable	0
TOP.67bffc1a.00052079	user_options->loopback	0
TOP.67bffc1a.00052079	user_options->machine_readable	0
TOP.67bffc1a.00052079	user_options->markov_classic	0
TOP.67bffc1a.00052079	user_options->markov_disable	0
TOP.67bffc1a.00052079	user_options->markov_inverse	0
TOP.67bffc1a.00052079	user_options->markov_threshold	256
TOP.67bffc1a.00052079	user_options->multiply_accel_disable	0
TOP.67bffc1a.00052079	user_options->backend_info	0
TOP.67bffc1a.00052079	user_options->backend_vector_width	0
TOP.67bffc1a.00052079	user_options->optimized_kernel_enable	0
TOP.67bffc1a.00052079	user_options->outfile_autohex	1
TOP.67bffc1a.00052079	user_options->outfile_check_timer	5
TOP.67bffc1a.00052079	user_options->outfile_format	3
TOP.67bffc1a.00052079	user_options->wordlist_autohex_disable	0
TOP.67bffc1a.00052079	user_options->potfile_disable	0
TOP.67bffc1a.00052079	user_options->progress_only	0
TOP.67bffc1a.00052079	user_options->quiet	0
TOP.67bffc1a.00052079	user_options->remove	0
TOP.67bffc1a.00052079	user_options->remove_timer	60
TOP.67bffc1a.00052079	user_options->restore	0
TOP.67bffc1a.00052079	user_options->restore_disable	0
TOP.67bffc1a.00052079	user_options->restore_timer	1
TOP.67bffc1a.00052079	user_options->rp_files_cnt	0
TOP.67bffc1a.00052079	user_options->rp_gen	0
TOP.67bffc1a.00052079	user_options->rp_gen_func_max	4
TOP.67bffc1a.00052079	user_options->rp_gen_func_min	1
TOP.67bffc1a.00052079	user_options->rp_gen_seed	0
TOP.67bffc1a.00052079	user_options->runtime	0
TOP.67bffc1a.00052079	user_options->scrypt_tmto	0
TOP.67bffc1a.00052079	user_options->segment_size	33554432
TOP.67bffc1a.00052079	user_options->self_test_disable	0
TOP.67bffc1a.00052079	user_options->slow_candidates	0
TOP.67bffc1a.00052079	user_options->show	0
TOP.67bffc1a.00052079	user_options->speed_only	0
TOP.67bffc1a.00052079	user_options->spin_damp	0
TOP.67bffc1a.00052079	user_options->status	0
TOP.67bffc1a.00052079	user_options->status_json	0
TOP.67bffc1a.00052079	user_options->status_timer	10
TOP.67bffc1a.00052079	user_options->stdout_flag	0
TOP.67bffc1a.00052079	user_options->usage	0
TOP.67bffc1a.00052079	user_options->username	0
TOP.67bffc1a.00052079	user_options->veracrypt_pim_start	485
TOP.67bffc1a.00052079	user_options->veracrypt_pim_stop	485
TOP.67bffc1a.00052079	user_options->version	0
TOP.67bffc1a.00052079	user_options->workload_profile	2
TOP.67bffc1a.00052079	user_options->brain_client	0
TOP.67bffc1a.00052079	user_options->brain_client_features	2
TOP.67bffc1a.00052079	user_options->brain_server	0
TOP.67bffc1a.00052079	user_options->brain_server_timer	300
TOP.67bffc1a.00052079	user_options->brain_port	6863
TOP.67bffc1a.00052079	user_options->brain_session	0
TOP.67bffc1a.00052079	hashes->hashfile	hash
TOP.67bffc1a.00052079	hashes->hashlist_mode	5
TOP.67bffc1a.00052079	hashes->hashlist_format	0
TOP.67bffc1a.00052079	hashes->hashes_cnt	0
TOP.67bffc1a.00052079	hashes->digests_cnt	1
TOP.67bffc1a.00052079	hashes->digests_done_pot	0
TOP.67bffc1a.00052079	hashes->digests_done_zero	0
TOP.67bffc1a.00052079	hashes->digests_done	0
TOP.67bffc1a.00052079	hashes->salts_cnt	1
TOP.67bffc1a.00052079	hashes->salts_done	0
TOP.67bffc1a.00052079	proc_start	1740635162
TOP.67bffc1a.00052079	proc_stop	1740635184
TOP.67bffc1a.00052079	STOP
TOP.67bffc75.000e087a	START
TOP.67bffc75.000e087a	folder_config->cwd	/home/blue
TOP.67bffc75.000e087a	folder_config->install_dir	/usr/bin
TOP.67bffc75.000e087a	folder_config->profile_dir	/home/blue/.local/share/hashcat
TOP.67bffc75.000e087a	folder_config->session_dir	/home/blue/.local/share/hashcat/sessions
TOP.67bffc75.000e087a	folder_config->shared_dir	/usr/share/hashcat
TOP.67bffc75.000e087a	user_options->encoding_from	utf-8
TOP.67bffc75.000e087a	user_options->encoding_to	utf-8
TOP.67bffc75.000e087a	user_options->rule_buf_l	:
TOP.67bffc75.000e087a	user_options->rule_buf_r	:
TOP.67bffc75.000e087a	user_options->session	hashcat
TOP.67bffc75.000e087a	user_options->separator	:
TOP.67bffc75.000e087a	user_options->limit	0
TOP.67bffc75.000e087a	user_options->skip	0
TOP.67bffc75.000e087a	user_options->attack_mode	0
TOP.67bffc75.000e087a	user_options->benchmark	0
TOP.67bffc75.000e087a	user_options->benchmark_all	0
TOP.67bffc75.000e087a	user_options->bitmap_max	18
TOP.67bffc75.000e087a	user_options->bitmap_min	16
TOP.67bffc75.000e087a	user_options->debug_mode	0
TOP.67bffc75.000e087a	user_options->hash_info	0
TOP.67bffc75.000e087a	user_options->force	0
TOP.67bffc75.000e087a	user_options->hwmon_disable	0
TOP.67bffc75.000e087a	user_options->hwmon_temp_abort	90
TOP.67bffc75.000e087a	user_options->hash_mode	0
TOP.67bffc75.000e087a	user_options->hex_charset	0
TOP.67bffc75.000e087a	user_options->hex_salt	0
TOP.67bffc75.000e087a	user_options->hex_wordlist	0
TOP.67bffc75.000e087a	user_options->hook_threads	2
TOP.67bffc75.000e087a	user_options->identify	0
TOP.67bffc75.000e087a	user_options->increment	0
TOP.67bffc75.000e087a	user_options->increment_max	256
TOP.67bffc75.000e087a	user_options->increment_min	1
TOP.67bffc75.000e087a	user_options->keep_guessing	0
TOP.67bffc75.000e087a	user_options->kernel_accel	0
TOP.67bffc75.000e087a	user_options->kernel_loops	0
TOP.67bffc75.000e087a	user_options->kernel_threads	0
TOP.67bffc75.000e087a	user_options->keyspace	0
TOP.67bffc75.000e087a	user_options->left	0
TOP.67bffc75.000e087a	user_options->logfile_disable	0
TOP.67bffc75.000e087a	user_options->loopback	0
TOP.67bffc75.000e087a	user_options->machine_readable	0
TOP.67bffc75.000e087a	user_options->markov_classic	0
TOP.67bffc75.000e087a	user_options->markov_disable	0
TOP.67bffc75.000e087a	user_options->markov_inverse	0
TOP.67bffc75.000e087a	user_options->markov_threshold	256
TOP.67bffc75.000e087a	user_options->multiply_accel_disable	0
TOP.67bffc75.000e087a	user_options->backend_info	0
TOP.67bffc75.000e087a	user_options->backend_vector_width	0
TOP.67bffc75.000e087a	user_options->optimized_kernel_enable	0
TOP.67bffc75.000e087a	user_options->outfile_autohex	1
TOP.67bffc75.000e087a	user_options->outfile_check_timer	5
TOP.67bffc75.000e087a	user_options->outfile_format	3
TOP.67bffc75.000e087a	user_options->wordlist_autohex_disable	0
TOP.67bffc75.000e087a	user_options->potfile_disable	0
TOP.67bffc75.000e087a	user_options->progress_only	0
TOP.67bffc75.000e087a	user_options->quiet	0
TOP.67bffc75.000e087a	user_options->remove	0
TOP.67bffc75.000e087a	user_options->remove_timer	60
TOP.67bffc75.000e087a	user_options->restore	0
TOP.67bffc75.000e087a	user_options->restore_disable	0
TOP.67bffc75.000e087a	user_options->restore_timer	1
TOP.67bffc75.000e087a	user_options->rp_files_cnt	0
TOP.67bffc75.000e087a	user_options->rp_gen	0
TOP.67bffc75.000e087a	user_options->rp_gen_func_max	4
TOP.67bffc75.000e087a	user_options->rp_gen_func_min	1
TOP.67bffc75.000e087a	user_options->rp_gen_seed	0
TOP.67bffc75.000e087a	user_options->runtime	0
TOP.67bffc75.000e087a	user_options->scrypt_tmto	0
TOP.67bffc75.000e087a	user_options->segment_size	33554432
TOP.67bffc75.000e087a	user_options->self_test_disable	0
TOP.67bffc75.000e087a	user_options->slow_candidates	0
TOP.67bffc75.000e087a	user_options->show	0
TOP.67bffc75.000e087a	user_options->speed_only	0
TOP.67bffc75.000e087a	user_options->spin_damp	0
TOP.67bffc75.000e087a	user_options->status	0
TOP.67bffc75.000e087a	user_options->status_json	0
TOP.67bffc75.000e087a	user_options->status_timer	10
TOP.67bffc75.000e087a	user_options->stdout_flag	0
TOP.67bffc75.000e087a	user_options->usage	0
TOP.67bffc75.000e087a	user_options->username	0
TOP.67bffc75.000e087a	user_options->veracrypt_pim_start	485
TOP.67bffc75.000e087a	user_options->veracrypt_pim_stop	485
TOP.67bffc75.000e087a	user_options->version	0
TOP.67bffc75.000e087a	user_options->workload_profile	2
TOP.67bffc75.000e087a	user_options->brain_client	0
TOP.67bffc75.000e087a	user_options->brain_client_features	2
TOP.67bffc75.000e087a	user_options->brain_server	0
TOP.67bffc75.000e087a	user_options->brain_server_timer	300
TOP.67bffc75.000e087a	user_options->brain_port	6863
TOP.67bffc75.000e087a	user_options->brain_session	0
TOP.67bffc75.000e087a	hashes->hashfile	hash
TOP.67bffc75.000e087a	hashes->hashlist_mode	5
TOP.67bffc75.000e087a	hashes->hashlist_format	0
TOP.67bffc75.000e087a	hashes->hashes_cnt	0
TOP.67bffc75.000e087a	hashes->digests_cnt	1
TOP.67bffc75.000e087a	hashes->digests_done_pot	0
TOP.67bffc75.000e087a	hashes->digests_done_zero	0
TOP.67bffc75.000e087a	hashes->digests_done	0
TOP.67bffc75.000e087a	hashes->salts_cnt	1
TOP.67bffc75.000e087a	hashes->salts_done	0
TOP.67bffc75.000e087a	proc_start	1740635253
TOP.67bffc75.000e087a	proc_stop	1740635254
TOP.67bffc75.000e087a	STOP
TOP.67bffc9f.0003a830	START
TOP.67bffc9f.0003a830	folder_config->cwd	/home/blue
TOP.67bffc9f.0003a830	folder_config->install_dir	/usr/bin
TOP.67bffc9f.0003a830	folder_config->profile_dir	/home/blue/.local/share/hashcat
TOP.67bffc9f.0003a830	folder_config->session_dir	/home/blue/.local/share/hashcat/sessions
TOP.67bffc9f.0003a830	folder_config->shared_dir	/usr/share/hashcat
TOP.67bffc9f.0003a830	user_options->encoding_from	utf-8
TOP.67bffc9f.0003a830	user_options->encoding_to	utf-8
TOP.67bffc9f.0003a830	user_options->rule_buf_l	:
TOP.67bffc9f.0003a830	user_options->rule_buf_r	:
TOP.67bffc9f.0003a830	user_options->session	hashcat
TOP.67bffc9f.0003a830	user_options->separator	:
TOP.67bffc9f.0003a830	user_options->limit	0
TOP.67bffc9f.0003a830	user_options->skip	0
TOP.67bffc9f.0003a830	user_options->attack_mode	0
TOP.67bffc9f.0003a830	user_options->benchmark	0
TOP.67bffc9f.0003a830	user_options->benchmark_all	0
TOP.67bffc9f.0003a830	user_options->bitmap_max	18
TOP.67bffc9f.0003a830	user_options->bitmap_min	16
TOP.67bffc9f.0003a830	user_options->debug_mode	0
TOP.67bffc9f.0003a830	user_options->hash_info	0
TOP.67bffc9f.0003a830	user_options->force	0
TOP.67bffc9f.0003a830	user_options->hwmon_disable	0
TOP.67bffc9f.0003a830	user_options->hwmon_temp_abort	90
TOP.67bffc9f.0003a830	user_options->hash_mode	0
TOP.67bffc9f.0003a830	user_options->hex_charset	0
TOP.67bffc9f.0003a830	user_options->hex_salt	0
TOP.67bffc9f.0003a830	user_options->hex_wordlist	0
TOP.67bffc9f.0003a830	user_options->hook_threads	2
TOP.67bffc9f.0003a830	user_options->identify	0
TOP.67bffc9f.0003a830	user_options->increment	0
TOP.67bffc9f.0003a830	user_options->increment_max	256
TOP.67bffc9f.0003a830	user_options->increment_min	1
TOP.67bffc9f.0003a830	user_options->keep_guessing	0
TOP.67bffc9f.0003a830	user_options->kernel_accel	0
TOP.67bffc9f.0003a830	user_options->kernel_loops	0
TOP.67bffc9f.0003a830	user_options->kernel_threads	0
TOP.67bffc9f.0003a830	user_options->keyspace	0
TOP.67bffc9f.0003a830	user_options->left	0
TOP.67bffc9f.0003a830	user_options->logfile_disable	0
TOP.67bffc9f.0003a830	user_options->loopback	0
TOP.67bffc9f.0003a830	user_options->machine_readable	0
TOP.67bffc9f.0003a830	user_options->markov_classic	0
TOP.67bffc9f.0003a830	user_options->markov_disable	0
TOP.67bffc9f.0003a830	user_options->markov_inverse	0
TOP.67bffc9f.0003a830	user_options->markov_threshold	256
TOP.67bffc9f.0003a830	user_options->multiply_accel_disable	0
TOP.67bffc9f.0003a830	user_options->backend_info	0
TOP.67bffc9f.0003a830	user_options->backend_vector_width	0
TOP.67bffc9f.0003a830	user_options->optimized_kernel_enable	0
TOP.67bffc9f.0003a830	user_options->outfile_autohex	1
TOP.67bffc9f.0003a830	user_options->outfile_check_timer	5
TOP.67bffc9f.0003a830	user_options->outfile_format	3
TOP.67bffc9f.0003a830	user_options->wordlist_autohex_disable	0
TOP.67bffc9f.0003a830	user_options->potfile_disable	0
TOP.67bffc9f.0003a830	user_options->progress_only	0
TOP.67bffc9f.0003a830	user_options->quiet	0
TOP.67bffc9f.0003a830	user_options->remove	0
TOP.67bffc9f.0003a830	user_options->remove_timer	60
TOP.67bffc9f.0003a830	user_options->restore	0
TOP.67bffc9f.0003a830	user_options->restore_disable	0
TOP.67bffc9f.0003a830	user_options->restore_timer	1
TOP.67bffc9f.0003a830	user_options->rp_files_cnt	0
TOP.67bffc9f.0003a830	user_options->rp_gen	0
TOP.67bffc9f.0003a830	user_options->rp_gen_func_max	4
TOP.67bffc9f.0003a830	user_options->rp_gen_func_min	1
TOP.67bffc9f.0003a830	user_options->rp_gen_seed	0
TOP.67bffc9f.0003a830	user_options->runtime	0
TOP.67bffc9f.0003a830	user_options->scrypt_tmto	0
TOP.67bffc9f.0003a830	user_options->segment_size	33554432
TOP.67bffc9f.0003a830	user_options->self_test_disable	0
TOP.67bffc9f.0003a830	user_options->slow_candidates	0
TOP.67bffc9f.0003a830	user_options->show	0
TOP.67bffc9f.0003a830	user_options->speed_only	0
TOP.67bffc9f.0003a830	user_options->spin_damp	0
TOP.67bffc9f.0003a830	user_options->status	0
TOP.67bffc9f.0003a830	user_options->status_json	0
TOP.67bffc9f.0003a830	user_options->status_timer	10
TOP.67bffc9f.0003a830	user_options->stdout_flag	0
TOP.67bffc9f.0003a830	user_options->usage	0
TOP.67bffc9f.0003a830	user_options->username	0
TOP.67bffc9f.0003a830	user_options->veracrypt_pim_start	485
TOP.67bffc9f.0003a830	user_options->veracrypt_pim_stop	485
TOP.67bffc9f.0003a830	user_options->version	0
TOP.67bffc9f.0003a830	user_options->workload_profile	1
TOP.67bffc9f.0003a830	user_options->brain_client	0
TOP.67bffc9f.0003a830	user_options->brain_client_features	2
TOP.67bffc9f.0003a830	user_options->brain_server	0
TOP.67bffc9f.0003a830	user_options->brain_server_timer	300
TOP.67bffc9f.0003a830	user_options->brain_port	6863
TOP.67bffc9f.0003a830	user_options->brain_session	0
TOP.67bffc9f.0003a830	hashes->hashfile	hash
TOP.67bffc9f.0003a830	hashes->hashlist_mode	5
TOP.67bffc9f.0003a830	hashes->hashlist_format	0
TOP.67bffc9f.0003a830	hashes->hashes_cnt	0
TOP.67bffc9f.0003a830	hashes->digests_cnt	1
TOP.67bffc9f.0003a830	hashes->digests_done_pot	0
TOP.67bffc9f.0003a830	hashes->digests_done_zero	0
TOP.67bffc9f.0003a830	hashes->digests_done	0
TOP.67bffc9f.0003a830	hashes->salts_cnt	1
TOP.67bffc9f.0003a830	hashes->salts_done	0
TOP.67bffc9f.0003a830	proc_start	1740635295
TOP.67bffc9f.0003a830	proc_stop	1740635295
TOP.67bffc9f.0003a830	STOP
TOP.67bffd5f.00018b8d	START
TOP.67bffd5f.00018b8d	folder_config->cwd	/home/blue
TOP.67bffd5f.00018b8d	folder_config->install_dir	/usr/bin
TOP.67bffd5f.00018b8d	folder_config->profile_dir	/home/blue/.local/share/hashcat
TOP.67bffd5f.00018b8d	folder_config->session_dir	/home/blue/.local/share/hashcat/sessions
TOP.67bffd5f.00018b8d	folder_config->shared_dir	/usr/share/hashcat
TOP.67bffd5f.00018b8d	user_options->encoding_from	utf-8
TOP.67bffd5f.00018b8d	user_options->encoding_to	utf-8
TOP.67bffd5f.00018b8d	user_options->rule_buf_l	:
TOP.67bffd5f.00018b8d	user_options->rule_buf_r	:
TOP.67bffd5f.00018b8d	user_options->session	hashcat
TOP.67bffd5f.00018b8d	user_options->separator	:
TOP.67bffd5f.00018b8d	user_options->limit	0
TOP.67bffd5f.00018b8d	user_options->skip	0
TOP.67bffd5f.00018b8d	user_options->attack_mode	0
TOP.67bffd5f.00018b8d	user_options->benchmark	0
TOP.67bffd5f.00018b8d	user_options->benchmark_all	0
TOP.67bffd5f.00018b8d	user_options->bitmap_max	18
TOP.67bffd5f.00018b8d	user_options->bitmap_min	16
TOP.67bffd5f.00018b8d	user_options->debug_mode	0
TOP.67bffd5f.00018b8d	user_options->hash_info	0
TOP.67bffd5f.00018b8d	user_options->force	0
TOP.67bffd5f.00018b8d	user_options->hwmon_disable	0
TOP.67bffd5f.00018b8d	user_options->hwmon_temp_abort	90
TOP.67bffd5f.00018b8d	user_options->hash_mode	0
TOP.67bffd5f.00018b8d	user_options->hex_charset	0
TOP.67bffd5f.00018b8d	user_options->hex_salt	0
TOP.67bffd5f.00018b8d	user_options->hex_wordlist	0
TOP.67bffd5f.00018b8d	user_options->hook_threads	2
TOP.67bffd5f.00018b8d	user_options->identify	0
TOP.67bffd5f.00018b8d	user_options->increment	0
TOP.67bffd5f.00018b8d	user_options->increment_max	256
TOP.67bffd5f.00018b8d	user_options->increment_min	1
TOP.67bffd5f.00018b8d	user_options->keep_guessing	0
TOP.67bffd5f.00018b8d	user_options->kernel_accel	0
TOP.67bffd5f.00018b8d	user_options->kernel_loops	0
TOP.67bffd5f.00018b8d	user_options->kernel_threads	0
TOP.67bffd5f.00018b8d	user_options->keyspace	0
TOP.67bffd5f.00018b8d	user_options->left	0
TOP.67bffd5f.00018b8d	user_options->logfile_disable	0
TOP.67bffd5f.00018b8d	user_options->loopback	0
TOP.67bffd5f.00018b8d	user_options->machine_readable	0
TOP.67bffd5f.00018b8d	user_options->markov_classic	0
TOP.67bffd5f.00018b8d	user_options->markov_disable	0
TOP.67bffd5f.00018b8d	user_options->markov_inverse	0
TOP.67bffd5f.00018b8d	user_options->markov_threshold	256
TOP.67bffd5f.00018b8d	user_options->multiply_accel_disable	0
TOP.67bffd5f.00018b8d	user_options->backend_info	0
TOP.67bffd5f.00018b8d	user_options->backend_vector_width	0
TOP.67bffd5f.00018b8d	user_options->optimized_kernel_enable	0
TOP.67bffd5f.00018b8d	user_options->outfile_autohex	1
TOP.67bffd5f.00018b8d	user_options->outfile_check_timer	5
TOP.67bffd5f.00018b8d	user_options->outfile_format	3
TOP.67bffd5f.00018b8d	user_options->wordlist_autohex_disable	0
TOP.67bffd5f.00018b8d	user_options->potfile_disable	0
TOP.67bffd5f.00018b8d	user_options->progress_only	0
TOP.67bffd5f.00018b8d	user_options->quiet	0
TOP.67bffd5f.00018b8d	user_options->remove	0
TOP.67bffd5f.00018b8d	user_options->remove_timer	60
TOP.67bffd5f.00018b8d	user_options->restore	0
TOP.67bffd5f.00018b8d	user_options->restore_disable	0
TOP.67bffd5f.00018b8d	user_options->restore_timer	1
TOP.67bffd5f.00018b8d	user_options->rp_files_cnt	0
TOP.67bffd5f.00018b8d	user_options->rp_gen	0
TOP.67bffd5f.00018b8d	user_options->rp_gen_func_max	4
TOP.67bffd5f.00018b8d	user_options->rp_gen_func_min	1
TOP.67bffd5f.00018b8d	user_options->rp_gen_seed	0
TOP.67bffd5f.00018b8d	user_options->runtime	0
TOP.67bffd5f.00018b8d	user_options->scrypt_tmto	0
TOP.67bffd5f.00018b8d	user_options->segment_size	33554432
TOP.67bffd5f.00018b8d	user_options->self_test_disable	0
TOP.67bffd5f.00018b8d	user_options->slow_candidates	0
TOP.67bffd5f.00018b8d	user_options->show	0
TOP.67bffd5f.00018b8d	user_options->speed_only	0
TOP.67bffd5f.00018b8d	user_options->spin_damp	0
TOP.67bffd5f.00018b8d	user_options->status	0
TOP.67bffd5f.00018b8d	user_options->status_json	0
TOP.67bffd5f.00018b8d	user_options->status_timer	10
TOP.67bffd5f.00018b8d	user_options->stdout_flag	0
TOP.67bffd5f.00018b8d	user_options->usage	0
TOP.67bffd5f.00018b8d	user_options->username	0
TOP.67bffd5f.00018b8d	user_options->veracrypt_pim_start	485
TOP.67bffd5f.00018b8d	user_options->veracrypt_pim_stop	485
TOP.67bffd5f.00018b8d	user_options->version	0
TOP.67bffd5f.00018b8d	user_options->workload_profile	1
TOP.67bffd5f.00018b8d	user_options->brain_client	0
TOP.67bffd5f.00018b8d	user_options->brain_client_features	2
TOP.67bffd5f.00018b8d	user_options->brain_server	0
TOP.67bffd5f.00018b8d	user_options->brain_server_timer	300
TOP.67bffd5f.00018b8d	user_options->brain_port	6863
TOP.67bffd5f.00018b8d	user_options->brain_session	0
TOP.67bffd5f.00018b8d	hashes->hashfile	hash
TOP.67bffd5f.00018b8d	hashes->hashlist_mode	5
TOP.67bffd5f.00018b8d	hashes->hashlist_format	0
TOP.67bffd5f.00018b8d	hashes->hashes_cnt	0
TOP.67bffd5f.00018b8d	hashes->digests_cnt	1
TOP.67bffd5f.00018b8d	hashes->digests_done_pot	0
TOP.67bffd5f.00018b8d	hashes->digests_done_zero	0
TOP.67bffd5f.00018b8d	hashes->digests_done	0
TOP.67bffd5f.00018b8d	hashes->salts_cnt	1
TOP.67bffd5f.00018b8d	hashes->salts_done	0
TOP.67bffd5f.00018b8d	proc_start	1740635487
TOP.67bffd5f.00018b8d	proc_stop	1740635487
TOP.67bffd5f.00018b8d	STOP
TOP.67c0046e.00027400	START
TOP.67c0046e.00027400	folder_config->cwd	/home/blue/Documents/tryhackme/mr-robot-ctf
TOP.67c0046e.00027400	folder_config->install_dir	/usr/bin
TOP.67c0046e.00027400	folder_config->profile_dir	/home/blue/.local/share/hashcat
TOP.67c0046e.00027400	folder_config->session_dir	/home/blue/.local/share/hashcat/sessions
TOP.67c0046e.00027400	folder_config->shared_dir	/usr/share/hashcat
TOP.67c0046e.00027400	user_options->encoding_from	utf-8
TOP.67c0046e.00027400	user_options->encoding_to	utf-8
TOP.67c0046e.00027400	user_options->rule_buf_l	:
TOP.67c0046e.00027400	user_options->rule_buf_r	:
TOP.67c0046e.00027400	user_options->session	hashcat
TOP.67c0046e.00027400	user_options->separator	:
TOP.67c0046e.00027400	user_options->limit	0
TOP.67c0046e.00027400	user_options->skip	0
TOP.67c0046e.00027400	user_options->attack_mode	0
TOP.67c0046e.00027400	user_options->benchmark	0
TOP.67c0046e.00027400	user_options->benchmark_all	0
TOP.67c0046e.00027400	user_options->bitmap_max	18
TOP.67c0046e.00027400	user_options->bitmap_min	16
TOP.67c0046e.00027400	user_options->debug_mode	0
TOP.67c0046e.00027400	user_options->hash_info	0
TOP.67c0046e.00027400	user_options->force	0
TOP.67c0046e.00027400	user_options->hwmon_disable	0
TOP.67c0046e.00027400	user_options->hwmon_temp_abort	90
TOP.67c0046e.00027400	user_options->hash_mode	0
TOP.67c0046e.00027400	user_options->hex_charset	0
TOP.67c0046e.00027400	user_options->hex_salt	0
TOP.67c0046e.00027400	user_options->hex_wordlist	0
TOP.67c0046e.00027400	user_options->hook_threads	2
TOP.67c0046e.00027400	user_options->identify	0
TOP.67c0046e.00027400	user_options->increment	0
TOP.67c0046e.00027400	user_options->increment_max	256
TOP.67c0046e.00027400	user_options->increment_min	1
TOP.67c0046e.00027400	user_options->keep_guessing	0
TOP.67c0046e.00027400	user_options->kernel_accel	0
TOP.67c0046e.00027400	user_options->kernel_loops	0
TOP.67c0046e.00027400	user_options->kernel_threads	0
TOP.67c0046e.00027400	user_options->keyspace	0
TOP.67c0046e.00027400	user_options->left	0
TOP.67c0046e.00027400	user_options->logfile_disable	0
TOP.67c0046e.00027400	user_options->loopback	0
TOP.67c0046e.00027400	user_options->machine_readable	0
TOP.67c0046e.00027400	user_options->markov_classic	0
TOP.67c0046e.00027400	user_options->markov_disable	0
TOP.67c0046e.00027400	user_options->markov_inverse	0
TOP.67c0046e.00027400	user_options->markov_threshold	256
TOP.67c0046e.00027400	user_options->multiply_accel_disable	0
TOP.67c0046e.00027400	user_options->backend_info	0
TOP.67c0046e.00027400	user_options->backend_vector_width	0
TOP.67c0046e.00027400	user_options->optimized_kernel_enable	0
TOP.67c0046e.00027400	user_options->outfile_autohex	1
TOP.67c0046e.00027400	user_options->outfile_check_timer	5
TOP.67c0046e.00027400	user_options->outfile_format	3
TOP.67c0046e.00027400	user_options->wordlist_autohex_disable	0
TOP.67c0046e.00027400	user_options->potfile_disable	0
TOP.67c0046e.00027400	user_options->progress_only	0
TOP.67c0046e.00027400	user_options->quiet	0
TOP.67c0046e.00027400	user_options->remove	0
TOP.67c0046e.00027400	user_options->remove_timer	60
TOP.67c0046e.00027400	user_options->restore	0
TOP.67c0046e.00027400	user_options->restore_disable	0
TOP.67c0046e.00027400	user_options->restore_timer	1
TOP.67c0046e.00027400	user_options->rp_files_cnt	0
TOP.67c0046e.00027400	user_options->rp_gen	0
TOP.67c0046e.00027400	user_options->rp_gen_func_max	4
TOP.67c0046e.00027400	user_options->rp_gen_func_min	1
TOP.67c0046e.00027400	user_options->rp_gen_seed	0
TOP.67c0046e.00027400	user_options->runtime	0
TOP.67c0046e.00027400	user_options->scrypt_tmto	0
TOP.67c0046e.00027400	user_options->segment_size	33554432
TOP.67c0046e.00027400	user_options->self_test_disable	0
TOP.67c0046e.00027400	user_options->slow_candidates	0
TOP.67c0046e.00027400	user_options->show	0
TOP.67c0046e.00027400	user_options->speed_only	0
TOP.67c0046e.00027400	user_options->spin_damp	0
TOP.67c0046e.00027400	user_options->status	0
TOP.67c0046e.00027400	user_options->status_json	0
TOP.67c0046e.00027400	user_options->status_timer	10
TOP.67c0046e.00027400	user_options->stdout_flag	0
TOP.67c0046e.00027400	user_options->usage	0
TOP.67c0046e.00027400	user_options->username	0
TOP.67c0046e.00027400	user_options->veracrypt_pim_start	485
TOP.67c0046e.00027400	user_options->veracrypt_pim_stop	485
TOP.67c0046e.00027400	user_options->version	0
TOP.67c0046e.00027400	user_options->workload_profile	2
TOP.67c0046e.00027400	user_options->brain_client	0
TOP.67c0046e.00027400	user_options->brain_client_features	2
TOP.67c0046e.00027400	user_options->brain_server	0
TOP.67c0046e.00027400	user_options->brain_server_timer	300
TOP.67c0046e.00027400	user_options->brain_port	6863
TOP.67c0046e.00027400	user_options->brain_session	0
TOP.67c0046e.00027400	proc_start	1740637294
TOP.67c0046e.00027400	proc_stop	1740637294
TOP.67c0046e.00027400	STOP
TOP.67c0048f.000e4848	START
TOP.67c0048f.000e4848	folder_config->cwd	/home/blue
TOP.67c0048f.000e4848	folder_config->install_dir	/usr/bin
TOP.67c0048f.000e4848	folder_config->profile_dir	/home/blue/.local/share/hashcat
TOP.67c0048f.000e4848	folder_config->session_dir	/home/blue/.local/share/hashcat/sessions
TOP.67c0048f.000e4848	folder_config->shared_dir	/usr/share/hashcat
TOP.67c0048f.000e4848	user_options->encoding_from	utf-8
TOP.67c0048f.000e4848	user_options->encoding_to	utf-8
TOP.67c0048f.000e4848	user_options->rule_buf_l	:
TOP.67c0048f.000e4848	user_options->rule_buf_r	:
TOP.67c0048f.000e4848	user_options->session	hashcat
TOP.67c0048f.000e4848	user_options->separator	:
TOP.67c0048f.000e4848	user_options->limit	0
TOP.67c0048f.000e4848	user_options->skip	0
TOP.67c0048f.000e4848	user_options->attack_mode	0
TOP.67c0048f.000e4848	user_options->benchmark	0
TOP.67c0048f.000e4848	user_options->benchmark_all	0
TOP.67c0048f.000e4848	user_options->bitmap_max	18
TOP.67c0048f.000e4848	user_options->bitmap_min	16
TOP.67c0048f.000e4848	user_options->debug_mode	0
TOP.67c0048f.000e4848	user_options->hash_info	0
TOP.67c0048f.000e4848	user_options->force	0
TOP.67c0048f.000e4848	user_options->hwmon_disable	0
TOP.67c0048f.000e4848	user_options->hwmon_temp_abort	90
TOP.67c0048f.000e4848	user_options->hash_mode	0
TOP.67c0048f.000e4848	user_options->hex_charset	0
TOP.67c0048f.000e4848	user_options->hex_salt	0
TOP.67c0048f.000e4848	user_options->hex_wordlist	0
TOP.67c0048f.000e4848	user_options->hook_threads	2
TOP.67c0048f.000e4848	user_options->identify	0
TOP.67c0048f.000e4848	user_options->increment	0
TOP.67c0048f.000e4848	user_options->increment_max	256
TOP.67c0048f.000e4848	user_options->increment_min	1
TOP.67c0048f.000e4848	user_options->keep_guessing	0
TOP.67c0048f.000e4848	user_options->kernel_accel	0
TOP.67c0048f.000e4848	user_options->kernel_loops	0
TOP.67c0048f.000e4848	user_options->kernel_threads	0
TOP.67c0048f.000e4848	user_options->keyspace	0
TOP.67c0048f.000e4848	user_options->left	0
TOP.67c0048f.000e4848	user_options->logfile_disable	0
TOP.67c0048f.000e4848	user_options->loopback	0
TOP.67c0048f.000e4848	user_options->machine_readable	0
TOP.67c0048f.000e4848	user_options->markov_classic	0
TOP.67c0048f.000e4848	user_options->markov_disable	0
TOP.67c0048f.000e4848	user_options->markov_inverse	0
TOP.67c0048f.000e4848	user_options->markov_threshold	256
TOP.67c0048f.000e4848	user_options->multiply_accel_disable	0
TOP.67c0048f.000e4848	user_options->backend_info	0
TOP.67c0048f.000e4848	user_options->backend_vector_width	0
TOP.67c0048f.000e4848	user_options->optimized_kernel_enable	0
TOP.67c0048f.000e4848	user_options->outfile_autohex	1
TOP.67c0048f.000e4848	user_options->outfile_check_timer	5
TOP.67c0048f.000e4848	user_options->outfile_format	3
TOP.67c0048f.000e4848	user_options->wordlist_autohex_disable	0
TOP.67c0048f.000e4848	user_options->potfile_disable	0
TOP.67c0048f.000e4848	user_options->progress_only	0
TOP.67c0048f.000e4848	user_options->quiet	0
TOP.67c0048f.000e4848	user_options->remove	0
TOP.67c0048f.000e4848	user_options->remove_timer	60
TOP.67c0048f.000e4848	user_options->restore	0
TOP.67c0048f.000e4848	user_options->restore_disable	0
TOP.67c0048f.000e4848	user_options->restore_timer	1
TOP.67c0048f.000e4848	user_options->rp_files_cnt	0
TOP.67c0048f.000e4848	user_options->rp_gen	0
TOP.67c0048f.000e4848	user_options->rp_gen_func_max	4
TOP.67c0048f.000e4848	user_options->rp_gen_func_min	1
TOP.67c0048f.000e4848	user_options->rp_gen_seed	0
TOP.67c0048f.000e4848	user_options->runtime	0
TOP.67c0048f.000e4848	user_options->scrypt_tmto	0
TOP.67c0048f.000e4848	user_options->segment_size	33554432
TOP.67c0048f.000e4848	user_options->self_test_disable	0
TOP.67c0048f.000e4848	user_options->slow_candidates	0
TOP.67c0048f.000e4848	user_options->show	0
TOP.67c0048f.000e4848	user_options->speed_only	0
TOP.67c0048f.000e4848	user_options->spin_damp	0
TOP.67c0048f.000e4848	user_options->status	0
TOP.67c0048f.000e4848	user_options->status_json	0
TOP.67c0048f.000e4848	user_options->status_timer	10
TOP.67c0048f.000e4848	user_options->stdout_flag	0
TOP.67c0048f.000e4848	user_options->usage	0
TOP.67c0048f.000e4848	user_options->username	0
TOP.67c0048f.000e4848	user_options->veracrypt_pim_start	485
TOP.67c0048f.000e4848	user_options->veracrypt_pim_stop	485
TOP.67c0048f.000e4848	user_options->version	0
TOP.67c0048f.000e4848	user_options->workload_profile	2
TOP.67c0048f.000e4848	user_options->brain_client	0
TOP.67c0048f.000e4848	user_options->brain_client_features	2
TOP.67c0048f.000e4848	user_options->brain_server	0
TOP.67c0048f.000e4848	user_options->brain_server_timer	300
TOP.67c0048f.000e4848	user_options->brain_port	6863
TOP.67c0048f.000e4848	user_options->brain_session	0
TOP.67c0048f.000e4848	hashes->hashfile	hash
TOP.67c0048f.000e4848	hashes->hashlist_mode	5
TOP.67c0048f.000e4848	hashes->hashlist_format	0
TOP.67c0048f.000e4848	hashes->hashes_cnt	0
TOP.67c0048f.000e4848	hashes->digests_cnt	1
TOP.67c0048f.000e4848	hashes->digests_done_pot	0
TOP.67c0048f.000e4848	hashes->digests_done_zero	0
TOP.67c0048f.000e4848	hashes->digests_done	0
TOP.67c0048f.000e4848	hashes->salts_cnt	1
TOP.67c0048f.000e4848	hashes->salts_done	0
TOP.67c0048f.000e4848	SUB.67c00492.000131b0	START
TOP.67c0048f.000e4848	SUB.67c00492.000131b0	straight_ctx->dict	/usr/share/wordlists/rockyou.txt
TOP.67c0048f.000e4848	SUB.67c00492.000131b0	runtime_start	1740637331
TOP.67c0048f.000e4848	SUB.67c00492.000131b0	runtime_stop	1740637331
TOP.67c0048f.000e4848	SUB.67c00492.000131b0	hashes->digests_done_new	1
TOP.67c0048f.000e4848	SUB.67c00492.000131b0	status-after-work	6
TOP.67c0048f.000e4848	SUB.67c00492.000131b0	STOP
TOP.67c0048f.000e4848	proc_start	1740637327
TOP.67c0048f.000e4848	proc_stop	1740637332
TOP.67c0048f.000e4848	STOP
